<?xml version="1.0" encoding="UTF-8"?>
<!-- Generated by org.testng.reporters.JUnitXMLReporter -->
<testsuite ignored="0" hostname="jd" failures="1" tests="2" name="Ideall" time="0.043" errors="0" timestamp="2023-10-29T22:17:09 CST">
  <testcase classname="test.Home.HomeTest" name="validateMountQuote" time="0.008">
    <failure type="java.lang.NullPointerException" message="Cannot invoke &amp;quot;org.openqa.selenium.WebDriver.findElement(org.openqa.selenium.By)&amp;quot; because &amp;quot;driver&amp;quot; is null">
      <![CDATA[java.lang.NullPointerException: Cannot invoke "org.openqa.selenium.WebDriver.findElement(org.openqa.selenium.By)" because "driver" is null
at page.Home.HomePage.<init>(HomePage.java:16)
at test.Home.HomeTest.validateMountQuote(HomeTest.java:32)
at java.base/java.util.ArrayList.forEach(ArrayList.java:1511)
... Removed 29 stack frames]]>
    </failure>
  </testcase> <!-- validateMountQuote -->
  <testcase classname="test.Home.HomeTest" name="validateFaceBookLink" time="0.0">
    <skipped/>
  </testcase> <!-- validateFaceBookLink -->
</testsuite> <!-- Ideall -->
