<?xml version="1.0" encoding="UTF-8"?>
<testsuite xmlns:xsi="http://www.w3.org/2001/XMLSchema-instance" xsi:noNamespaceSchemaLocation="https://maven.apache.org/surefire/maven-surefire-plugin/xsd/surefire-test-report-3.0.xsd" version="3.0" name="test.Home.HomeTest" time="5.155" tests="2" errors="0" skipped="0" failures="0">
  <properties>
[...]
</properties>
  <testcase name="validateFaceBookLink" classname="test.Home.HomeTest" time="0.002">
    <system-out><![CDATA[prueba1
]]></system-out>
    <system-err><![CDATA[oct 29, 2023 10:13:33 P. M. org.openqa.selenium.devtools.CdpVersionFinder findNearestMatch
WARNING: Unable to find an exact match for CDP version 118, so returning the closest version found: 116
]]></system-err>
  </testcase>
  <testcase name="validateMountQuote" classname="test.Home.HomeTest" time="0.108">
    <system-out><![CDATA[prueba0
]]></system-out>
  </testcase>
</testsuite>