<?xml version="1.0" encoding="UTF-8"?>
<testng-results ignored="0" total="2" passed="2" failed="0" skipped="0">
  <reporter-output>
  </reporter-output>
  <suite started-at="2023-10-29T20:36:16 CST" name="Suite1" finished-at="2023-10-29T20:36:16 CST" duration-ms="46">
    <groups>
      <group name="validateFaceBookLink">
        <method signature="HomeTest.validateFaceBookLink()[pri:0, instance:test.Home.HomeTest@70e8f8e]" name="validateFaceBookLink" class="test.Home.HomeTest"/>
      </group> <!-- validateFaceBookLink -->
      <group name="validateMountQuote">
        <method signature="HomeTest.validateMountQuote()[pri:0, instance:test.Home.HomeTest@70e8f8e]" name="validateMountQuote" class="test.Home.HomeTest"/>
      </group> <!-- validateMountQuote -->
    </groups>
    <test started-at="2023-10-29T20:36:16 CST" name="Ideal" finished-at="2023-10-29T20:36:16 CST" duration-ms="46">
      <class name="test.Home.HomeTest">
        <test-method signature="validateMountQuote()[pri:0, instance:test.Home.HomeTest@70e8f8e]" started-at="2023-10-29T20:36:16 CST" name="validateMountQuote" finished-at="2023-10-29T20:36:16 CST" duration-ms="5" status="PASS">
          <reporter-output>
          </reporter-output>
        </test-method> <!-- validateMountQuote -->
        <test-method signature="validateFaceBookLink()[pri:0, instance:test.Home.HomeTest@70e8f8e]" started-at="2023-10-29T20:36:16 CST" name="validateFaceBookLink" depends-on-groups="validateMountQuote" finished-at="2023-10-29T20:36:16 CST" duration-ms="0" status="PASS">
          <reporter-output>
          </reporter-output>
        </test-method> <!-- validateFaceBookLink -->
      </class> <!-- test.Home.HomeTest -->
    </test> <!-- Ideal -->
  </suite> <!-- Suite1 -->
</testng-results>
