<?xml version="1.0" encoding="UTF-8"?>
<testng-results ignored="0" total="2" passed="2" failed="0" skipped="0">
  <reporter-output>
  </reporter-output>
  <suite started-at="2023-10-30T22:19:31 CST" name="Suite1" finished-at="2023-10-30T22:19:34 CST" duration-ms="3780">
    <groups>
      <group name="validateMountQuote">
        <method signature="HomeTest.validateMountQuote()[pri:0, instance:test.Home.HomeTest@67a20f67]" name="validateMountQuote" class="test.Home.HomeTest"/>
      </group> <!-- validateMountQuote -->
      <group name="validateFaceBookLink">
        <method signature="HomeTest.validateFaceBookLink()[pri:0, instance:test.Home.HomeTest@67a20f67]" name="validateFaceBookLink" class="test.Home.HomeTest"/>
      </group> <!-- validateFaceBookLink -->
    </groups>
    <test started-at="2023-10-30T22:19:31 CST" name="Ideall" finished-at="2023-10-30T22:19:34 CST" duration-ms="3780">
      <class name="test.Home.HomeTest">
        <test-method is-config="true" signature="setup()[pri:0, instance:test.Home.HomeTest@67a20f67]" started-at="2023-10-30T22:19:31 CST" name="setup" finished-at="2023-10-30T22:19:34 CST" duration-ms="3412" status="PASS">
          <reporter-output>
          </reporter-output>
        </test-method> <!-- setup -->
        <test-method signature="validateFaceBookLink()[pri:0, instance:test.Home.HomeTest@67a20f67]" started-at="2023-10-30T22:19:34 CST" name="validateFaceBookLink" finished-at="2023-10-30T22:19:34 CST" duration-ms="2" status="PASS">
          <reporter-output>
          </reporter-output>
        </test-method> <!-- validateFaceBookLink -->
        <test-method signature="validateMountQuote()[pri:0, instance:test.Home.HomeTest@67a20f67]" started-at="2023-10-30T22:19:34 CST" name="validateMountQuote" finished-at="2023-10-30T22:19:34 CST" duration-ms="139" status="PASS">
          <reporter-output>
          </reporter-output>
        </test-method> <!-- validateMountQuote -->
        <test-method is-config="true" signature="tearDown()[pri:0, instance:test.Home.HomeTest@67a20f67]" started-at="2023-10-30T22:19:34 CST" name="tearDown" finished-at="2023-10-30T22:19:34 CST" duration-ms="196" status="PASS">
          <reporter-output>
          </reporter-output>
        </test-method> <!-- tearDown -->
      </class> <!-- test.Home.HomeTest -->
    </test> <!-- Ideall -->
  </suite> <!-- Suite1 -->
</testng-results>
